<?xml version="1.0" encoding="UTF-8"?>
<testng-results ignored="0" total="11" passed="11" failed="0" skipped="0">
  <reporter-output>
  </reporter-output>
  <suite started-at="2025-10-27T22:44:16 MSK" name="Surefire suite" finished-at="2025-10-27T22:44:16 MSK" duration-ms="55">
    <groups>
    </groups>
    <test started-at="2025-10-27T22:44:16 MSK" name="Surefire test" finished-at="2025-10-27T22:44:16 MSK" duration-ms="55">
      <class name="CalculatorJUnitTest">
        <test-method signature="divisionTest()" started-at="2025-10-27T22:44:16 MSK" name="divisionTest" finished-at="2025-10-27T22:44:16 MSK" duration-ms="13" status="PASS">
          <reporter-output>
          </reporter-output>
        </test-method> <!-- divisionTest -->
        <test-method signature="multiplicationTest()" started-at="2025-10-27T22:44:16 MSK" name="multiplicationTest" finished-at="2025-10-27T22:44:16 MSK" duration-ms="12" status="PASS">
          <reporter-output>
          </reporter-output>
        </test-method> <!-- multiplicationTest -->
        <test-method signature="additionTest()" started-at="2025-10-27T22:44:16 MSK" name="additionTest" finished-at="2025-10-27T22:44:16 MSK" duration-ms="12" status="PASS">
          <reporter-output>
          </reporter-output>
        </test-method> <!-- additionTest -->
        <test-method signature="substructionTest()" started-at="2025-10-27T22:44:16 MSK" name="substructionTest" finished-at="2025-10-27T22:44:16 MSK" duration-ms="12" status="PASS">
          <reporter-output>
          </reporter-output>
        </test-method> <!-- substructionTest -->
      </class> <!-- CalculatorJUnitTest -->
      <class name="RectangleJUnitTest">
        <test-method signature="getAreaTest()" started-at="2025-10-27T22:44:16 MSK" name="getAreaTest" finished-at="2025-10-27T22:44:16 MSK" duration-ms="2" status="PASS">
          <reporter-output>
          </reporter-output>
        </test-method> <!-- getAreaTest -->
        <test-method signature="setLengthAndGetLengthTest()" started-at="2025-10-27T22:44:16 MSK" name="setLengthAndGetLengthTest" finished-at="2025-10-27T22:44:16 MSK" duration-ms="1" status="PASS">
          <reporter-output>
          </reporter-output>
        </test-method> <!-- setLengthAndGetLengthTest -->
        <test-method signature="constructorAndGetLengthTest()" started-at="2025-10-27T22:44:16 MSK" name="constructorAndGetLengthTest" finished-at="2025-10-27T22:44:16 MSK" duration-ms="1" status="PASS">
          <reporter-output>
          </reporter-output>
        </test-method> <!-- constructorAndGetLengthTest -->
        <test-method signature="constructorAndGetWidthTest()" started-at="2025-10-27T22:44:16 MSK" name="constructorAndGetWidthTest" finished-at="2025-10-27T22:44:16 MSK" duration-ms="2" status="PASS">
          <reporter-output>
          </reporter-output>
        </test-method> <!-- constructorAndGetWidthTest -->
        <test-method signature="setWidthAndGetWidthTest()" started-at="2025-10-27T22:44:16 MSK" name="setWidthAndGetWidthTest" finished-at="2025-10-27T22:44:16 MSK" duration-ms="1" status="PASS">
          <reporter-output>
          </reporter-output>
        </test-method> <!-- setWidthAndGetWidthTest -->
      </class> <!-- RectangleJUnitTest -->
      <class name="EvenOddCheckerJUnitTest">
        <test-method signature="evenNumTest()" started-at="2025-10-27T22:44:16 MSK" name="evenNumTest" finished-at="2025-10-27T22:44:16 MSK" duration-ms="0" status="PASS">
          <reporter-output>
          </reporter-output>
        </test-method> <!-- evenNumTest -->
        <test-method signature="oddNumTest()" started-at="2025-10-27T22:44:16 MSK" name="oddNumTest" finished-at="2025-10-27T22:44:16 MSK" duration-ms="0" status="PASS">
          <reporter-output>
          </reporter-output>
        </test-method> <!-- oddNumTest -->
      </class> <!-- EvenOddCheckerJUnitTest -->
    </test> <!-- Surefire test -->
  </suite> <!-- Surefire suite -->
</testng-results>
