<?xml version="1.0" encoding="UTF-8"?>
<!-- Generated by org.testng.reporters.JUnitXMLReporter -->
<testsuite ignored="0" hostname="DESKTOP-LE77ON6" failures="0" tests="12" name="Surefire test" time="0.055" errors="0" timestamp="2025-10-28T19:29:52 MSK">
  <testcase classname="CalculatorTestNGTest" name="additionTest" time="0.009"/>
  <testcase classname="CalculatorTestNGTest" name="divisionByZeroTest" time="0.0"/>
  <testcase classname="CalculatorTestNGTest" name="divisionTest" time="0.001"/>
  <testcase classname="CalculatorTestNGTest" name="multiplicationTest" time="0.001"/>
  <testcase classname="CalculatorTestNGTest" name="substructionTest" time="0.0"/>
  <testcase classname="EvenOddCheckerTestNGTest" name="evenNumTest" time="0.002"/>
  <testcase classname="EvenOddCheckerTestNGTest" name="oddNumTest" time="0.001"/>
  <testcase classname="RectangleTestNGTest" name="constructorAndGetLengthTest" time="0.001"/>
  <testcase classname="RectangleTestNGTest" name="constructorAndGetWidthTest" time="0.001"/>
  <testcase classname="RectangleTestNGTest" name="getAreaTest" time="0.0"/>
  <testcase classname="RectangleTestNGTest" name="setLengthAndGetLengthTest" time="0.0"/>
  <testcase classname="RectangleTestNGTest" name="setWidthAndGetWidthTest" time="0.0"/>
</testsuite> <!-- Surefire test -->
