<?xml version="1.0" encoding="UTF-8"?>
<testng-results ignored="0" total="11" passed="11" failed="0" skipped="0">
  <reporter-output>
  </reporter-output>
  <suite started-at="2025-10-27T22:44:16 MSK" name="Surefire suite" finished-at="2025-10-27T22:44:16 MSK" duration-ms="52">
    <groups>
    </groups>
    <test started-at="2025-10-27T22:44:16 MSK" name="Surefire test" finished-at="2025-10-27T22:44:16 MSK" duration-ms="52">
      <class name="EvenOddCheckerTestNGTest">
        <test-method signature="evenNumTest()[pri:0, instance:EvenOddCheckerTestNGTest@7f1302d6]" started-at="2025-10-27T22:44:16 MSK" name="evenNumTest" finished-at="2025-10-27T22:44:16 MSK" duration-ms="7" status="PASS">
          <reporter-output>
          </reporter-output>
        </test-method> <!-- evenNumTest -->
        <test-method signature="oddNumTest()[pri:0, instance:EvenOddCheckerTestNGTest@7f1302d6]" started-at="2025-10-27T22:44:16 MSK" name="oddNumTest" finished-at="2025-10-27T22:44:16 MSK" duration-ms="1" status="PASS">
          <reporter-output>
          </reporter-output>
        </test-method> <!-- oddNumTest -->
      </class> <!-- EvenOddCheckerTestNGTest -->
      <class name="RectangleTestNGTest">
        <test-method signature="constructorAndGetLengthTest()[pri:0, instance:RectangleTestNGTest@43ee72e6]" started-at="2025-10-27T22:44:16 MSK" name="constructorAndGetLengthTest" finished-at="2025-10-27T22:44:16 MSK" duration-ms="1" status="PASS">
          <reporter-output>
          </reporter-output>
        </test-method> <!-- constructorAndGetLengthTest -->
        <test-method signature="constructorAndGetWidthTest()[pri:0, instance:RectangleTestNGTest@43ee72e6]" started-at="2025-10-27T22:44:16 MSK" name="constructorAndGetWidthTest" finished-at="2025-10-27T22:44:16 MSK" duration-ms="1" status="PASS">
          <reporter-output>
          </reporter-output>
        </test-method> <!-- constructorAndGetWidthTest -->
        <test-method signature="getAreaTest()[pri:0, instance:RectangleTestNGTest@43ee72e6]" started-at="2025-10-27T22:44:16 MSK" name="getAreaTest" finished-at="2025-10-27T22:44:16 MSK" duration-ms="1" status="PASS">
          <reporter-output>
          </reporter-output>
        </test-method> <!-- getAreaTest -->
        <test-method signature="setLengthAndGetLengthTest()[pri:0, instance:RectangleTestNGTest@43ee72e6]" started-at="2025-10-27T22:44:16 MSK" name="setLengthAndGetLengthTest" finished-at="2025-10-27T22:44:16 MSK" duration-ms="0" status="PASS">
          <reporter-output>
          </reporter-output>
        </test-method> <!-- setLengthAndGetLengthTest -->
        <test-method signature="setWidthAndGetWidthTest()[pri:0, instance:RectangleTestNGTest@43ee72e6]" started-at="2025-10-27T22:44:16 MSK" name="setWidthAndGetWidthTest" finished-at="2025-10-27T22:44:16 MSK" duration-ms="0" status="PASS">
          <reporter-output>
          </reporter-output>
        </test-method> <!-- setWidthAndGetWidthTest -->
      </class> <!-- RectangleTestNGTest -->
      <class name="CalculatorTestNGTest">
        <test-method signature="additionTest()[pri:0, instance:CalculatorTestNGTest@2133814f]" started-at="2025-10-27T22:44:16 MSK" name="additionTest" finished-at="2025-10-27T22:44:16 MSK" duration-ms="4" status="PASS">
          <reporter-output>
          </reporter-output>
        </test-method> <!-- additionTest -->
        <test-method signature="divisionTest()[pri:0, instance:CalculatorTestNGTest@2133814f]" started-at="2025-10-27T22:44:16 MSK" name="divisionTest" finished-at="2025-10-27T22:44:16 MSK" duration-ms="1" status="PASS">
          <reporter-output>
          </reporter-output>
        </test-method> <!-- divisionTest -->
        <test-method signature="multiplicationTest()[pri:0, instance:CalculatorTestNGTest@2133814f]" started-at="2025-10-27T22:44:16 MSK" name="multiplicationTest" finished-at="2025-10-27T22:44:16 MSK" duration-ms="2" status="PASS">
          <reporter-output>
          </reporter-output>
        </test-method> <!-- multiplicationTest -->
        <test-method signature="substructionTest()[pri:0, instance:CalculatorTestNGTest@2133814f]" started-at="2025-10-27T22:44:16 MSK" name="substructionTest" finished-at="2025-10-27T22:44:16 MSK" duration-ms="1" status="PASS">
          <reporter-output>
          </reporter-output>
        </test-method> <!-- substructionTest -->
      </class> <!-- CalculatorTestNGTest -->
    </test> <!-- Surefire test -->
  </suite> <!-- Surefire suite -->
</testng-results>
