<?xml version="1.0" encoding="UTF-8"?>
<testsuite xmlns:xsi="http://www.w3.org/2001/XMLSchema-instance" xsi:noNamespaceSchemaLocation="https://maven.apache.org/surefire/maven-surefire-plugin/xsd/surefire-test-report.xsd" version="3.0.2" name="TestSuite" time="0.51" tests="24" errors="0" skipped="0" failures="0">
  <properties>
[...]
</properties>
  <testcase name="additionTest" classname="CalculatorTestNGTest" time="0.005">
    <system-err><![CDATA[SLF4J: Failed to load class "org.slf4j.impl.StaticLoggerBinder".
SLF4J: Defaulting to no-operation (NOP) logger implementation
SLF4J: See http://www.slf4j.org/codes.html#StaticLoggerBinder for further details.
]]></system-err>
  </testcase>
  <testcase name="divisionByZeroTest" classname="CalculatorTestNGTest" time="0.0"/>
  <testcase name="divisionTest" classname="CalculatorTestNGTest" time="0.0"/>
  <testcase name="multiplicationTest" classname="CalculatorTestNGTest" time="0.0"/>
  <testcase name="substructionTest" classname="CalculatorTestNGTest" time="0.0"/>
  <testcase name="evenNumTest" classname="EvenOddCheckerTestNGTest" time="0.003">
    <system-out><![CDATA[Enter an Integer number:
Entered number is even
]]></system-out>
  </testcase>
  <testcase name="oddNumTest" classname="EvenOddCheckerTestNGTest" time="0.01">
    <system-out><![CDATA[Enter an Integer number:
Entered number is odd
]]></system-out>
  </testcase>
  <testcase name="constructorAndGetLengthTest" classname="RectangleTestNGTest" time="0.0"/>
  <testcase name="constructorAndGetWidthTest" classname="RectangleTestNGTest" time="0.0"/>
  <testcase name="getAreaTest" classname="RectangleTestNGTest" time="0.0"/>
  <testcase name="setLengthAndGetLengthTest" classname="RectangleTestNGTest" time="0.0"/>
  <testcase name="setWidthAndGetWidthTest" classname="RectangleTestNGTest" time="0.0"/>
  <testcase name="divisionByZeroTest on divisionByZeroTest(CalculatorJUnitTest)" classname="CalculatorJUnitTest" time="0.002"/>
  <testcase name="divisionTest on divisionTest(CalculatorJUnitTest)" classname="CalculatorJUnitTest" time="0.0"/>
  <testcase name="additionTest on additionTest(CalculatorJUnitTest)" classname="CalculatorJUnitTest" time="0.0"/>
  <testcase name="multiplicationTest on multiplicationTest(CalculatorJUnitTest)" classname="CalculatorJUnitTest" time="0.0"/>
  <testcase name="substructionTest on substructionTest(CalculatorJUnitTest)" classname="CalculatorJUnitTest" time="0.001"/>
  <testcase name="oddNumTest on oddNumTest(EvenOddCheckerJUnitTest)" classname="EvenOddCheckerJUnitTest" time="0.002">
    <system-out><![CDATA[Enter an Integer number:
Entered number is odd
]]></system-out>
  </testcase>
  <testcase name="evenNumTest on evenNumTest(EvenOddCheckerJUnitTest)" classname="EvenOddCheckerJUnitTest" time="0.001">
    <system-out><![CDATA[Enter an Integer number:
Entered number is even
]]></system-out>
  </testcase>
  <testcase name="constructorAndGetLengthTest on constructorAndGetLengthTest(RectangleJUnitTest)" classname="RectangleJUnitTest" time="0.0"/>
  <testcase name="setLengthAndGetLengthTest on setLengthAndGetLengthTest(RectangleJUnitTest)" classname="RectangleJUnitTest" time="0.001"/>
  <testcase name="getAreaTest on getAreaTest(RectangleJUnitTest)" classname="RectangleJUnitTest" time="0.0"/>
  <testcase name="constructorAndGetWidthTest on constructorAndGetWidthTest(RectangleJUnitTest)" classname="RectangleJUnitTest" time="0.0"/>
  <testcase name="setWidthAndGetWidthTest on setWidthAndGetWidthTest(RectangleJUnitTest)" classname="RectangleJUnitTest" time="0.0"/>
</testsuite>