<?xml version="1.0" encoding="UTF-8"?>
<!-- Generated by org.testng.reporters.JUnitXMLReporter -->
<testsuite ignored="0" hostname="DESKTOP-LE77ON6" failures="0" tests="12" name="Surefire test" time="0.054" errors="0" timestamp="2025-10-28T19:29:53 MSK">
  <testcase classname="CalculatorJUnitTest" name="divisionByZeroTest on divisionByZeroTest(CalculatorJUnitTest)" time="0.01"/>
  <testcase classname="CalculatorJUnitTest" name="divisionTest on divisionTest(CalculatorJUnitTest)" time="0.011"/>
  <testcase classname="CalculatorJUnitTest" name="additionTest on additionTest(CalculatorJUnitTest)" time="0.01"/>
  <testcase classname="CalculatorJUnitTest" name="multiplicationTest on multiplicationTest(CalculatorJUnitTest)" time="0.01"/>
  <testcase classname="CalculatorJUnitTest" name="substructionTest on substructionTest(CalculatorJUnitTest)" time="0.01"/>
  <testcase classname="EvenOddCheckerJUnitTest" name="oddNumTest on oddNumTest(EvenOddCheckerJUnitTest)" time="0.0"/>
  <testcase classname="EvenOddCheckerJUnitTest" name="evenNumTest on evenNumTest(EvenOddCheckerJUnitTest)" time="0.0"/>
  <testcase classname="RectangleJUnitTest" name="constructorAndGetLengthTest on constructorAndGetLengthTest(RectangleJUnitTest)" time="0.001"/>
  <testcase classname="RectangleJUnitTest" name="setLengthAndGetLengthTest on setLengthAndGetLengthTest(RectangleJUnitTest)" time="0.001"/>
  <testcase classname="RectangleJUnitTest" name="getAreaTest on getAreaTest(RectangleJUnitTest)" time="0.002"/>
  <testcase classname="RectangleJUnitTest" name="constructorAndGetWidthTest on constructorAndGetWidthTest(RectangleJUnitTest)" time="0.001"/>
  <testcase classname="RectangleJUnitTest" name="setWidthAndGetWidthTest on setWidthAndGetWidthTest(RectangleJUnitTest)" time="0.001"/>
</testsuite> <!-- Surefire test -->
